android/app/build/intermediates/manifest_merge_blame_file/debug/manifest-merger-blame-debug-report.txt
1<?xml version="1.0" encoding="utf-8"?>
2<manifest xmlns:android="http://schemas.android.com/apk/res/android"
3    package="com.moviapp"
4    android:versionCode="1"
5    android:versionName="1.0" >
6
7    <uses-sdk
8        android:minSdkVersion="21"
9        android:targetSdkVersion="30" />
10
11    <uses-permission android:name="android.permission.SYSTEM_ALERT_WINDOW" />
11-->src\debug\AndroidManifest.xml:5:5-77
11-->src\debug\AndroidManifest.xml:5:22-75
12    <uses-permission android:name="android.permission.INTERNET" />
12-->src\main\AndroidManifest.xml:4:5-67
12-->src\main\AndroidManifest.xml:4:22-64
13    <uses-permission android:name="android.permission.ACCESS_BACKGROUND_LOCATION" />
13-->src\main\AndroidManifest.xml:5:5-85
13-->src\main\AndroidManifest.xml:5:22-82
14    <uses-permission android:name="android.permission.ACCESS_COARSE_LOCATION" />
14-->src\main\AndroidManifest.xml:6:5-81
14-->src\main\AndroidManifest.xml:6:22-78
15    <uses-permission android:name="android.permission.ACCESS_FINE_LOCATION" />
15-->src\main\AndroidManifest.xml:7:5-79
15-->src\main\AndroidManifest.xml:7:22-76
16    <uses-permission android:name="android.permission.ACCESS_WIFI_STATE" />
16-->[com.facebook.flipper:flipper:0.99.0] AndroidManifest.xml:16:5-76
16-->[com.facebook.flipper:flipper:0.99.0] AndroidManifest.xml:16:22-73
17    <uses-permission android:name="android.permission.WAKE_LOCK" />
17-->[androidx.work:work-runtime:2.5.0] AndroidManifest.xml:25:5-68
17-->[androidx.work:work-runtime:2.5.0] AndroidManifest.xml:25:22-65
18    <uses-permission android:name="android.permission.ACCESS_NETWORK_STATE" />
18-->[androidx.work:work-runtime:2.5.0] AndroidManifest.xml:26:5-79
18-->[androidx.work:work-runtime:2.5.0] AndroidManifest.xml:26:22-76
19    <uses-permission android:name="android.permission.RECEIVE_BOOT_COMPLETED" />
19-->[androidx.work:work-runtime:2.5.0] AndroidManifest.xml:27:5-81
19-->[androidx.work:work-runtime:2.5.0] AndroidManifest.xml:27:22-78
20    <uses-permission android:name="android.permission.FOREGROUND_SERVICE" />
20-->[androidx.work:work-runtime:2.5.0] AndroidManifest.xml:28:5-77
20-->[androidx.work:work-runtime:2.5.0] AndroidManifest.xml:28:22-74
21
22    <uses-feature
22-->[com.google.android.gms:play-services-maps:17.0.0] AndroidManifest.xml:26:5-28:35
23        android:glEsVersion="0x00020000"
23-->[com.google.android.gms:play-services-maps:17.0.0] AndroidManifest.xml:27:9-41
24        android:required="true" />
24-->[com.google.android.gms:play-services-maps:17.0.0] AndroidManifest.xml:28:9-32
25
26    <application
26-->src\main\AndroidManifest.xml:9:5-27:19
27        android:name="com.moviapp.MainApplication"
27-->src\main\AndroidManifest.xml:10:7-38
28        android:allowBackup="false"
28-->src\main\AndroidManifest.xml:14:7-34
29        android:appComponentFactory="androidx.core.app.CoreComponentFactory"
29-->[androidx.core:core:1.6.0] AndroidManifest.xml:24:18-86
30        android:debuggable="true"
31        android:icon="@mipmap/ic_launcher"
31-->src\main\AndroidManifest.xml:12:7-41
32        android:label="@string/app_name"
32-->src\main\AndroidManifest.xml:11:7-39
33        android:roundIcon="@mipmap/ic_launcher_round"
33-->src\main\AndroidManifest.xml:13:7-52
34        android:theme="@style/AppTheme"
34-->src\main\AndroidManifest.xml:15:7-38
35        android:usesCleartextTraffic="true" >
35-->src\debug\AndroidManifest.xml:8:9-44
36        <activity android:name="com.facebook.react.devsupport.DevSettingsActivity" />
36-->src\debug\AndroidManifest.xml:11:9-86
36-->src\debug\AndroidManifest.xml:11:19-83
37        <activity
37-->src\main\AndroidManifest.xml:16:7-26:18
38            android:name="com.moviapp.MainActivity"
38-->src\main\AndroidManifest.xml:17:9-37
39            android:configChanges="keyboard|keyboardHidden|orientation|screenSize|uiMode"
39-->src\main\AndroidManifest.xml:19:9-86
40            android:label="@string/app_name"
40-->src\main\AndroidManifest.xml:18:9-41
41            android:launchMode="singleTask"
41-->src\main\AndroidManifest.xml:20:9-40
42            android:windowSoftInputMode="adjustResize" >
42-->src\main\AndroidManifest.xml:21:9-51
43            <intent-filter>
43-->src\main\AndroidManifest.xml:22:9-25:25
44                <action android:name="android.intent.action.MAIN" />
44-->src\main\AndroidManifest.xml:23:13-65
44-->src\main\AndroidManifest.xml:23:21-62
45
46                <category android:name="android.intent.category.LAUNCHER" />
46-->src\main\AndroidManifest.xml:24:13-73
46-->src\main\AndroidManifest.xml:24:23-70
47            </intent-filter>
48        </activity>
49
50        <provider
50-->[androidx.work:work-runtime:2.5.0] AndroidManifest.xml:31:9-37:35
51            android:name="androidx.work.impl.WorkManagerInitializer"
51-->[androidx.work:work-runtime:2.5.0] AndroidManifest.xml:32:13-69
52            android:authorities="com.moviapp.workmanager-init"
52-->[androidx.work:work-runtime:2.5.0] AndroidManifest.xml:33:13-68
53            android:directBootAware="false"
53-->[androidx.work:work-runtime:2.5.0] AndroidManifest.xml:34:13-44
54            android:exported="false"
54-->[androidx.work:work-runtime:2.5.0] AndroidManifest.xml:35:13-37
55            android:multiprocess="true" />
55-->[androidx.work:work-runtime:2.5.0] AndroidManifest.xml:36:13-40
56
57        <service
57-->[androidx.work:work-runtime:2.5.0] AndroidManifest.xml:39:9-44:35
58            android:name="androidx.work.impl.background.systemalarm.SystemAlarmService"
58-->[androidx.work:work-runtime:2.5.0] AndroidManifest.xml:40:13-88
59            android:directBootAware="false"
59-->[androidx.work:work-runtime:2.5.0] AndroidManifest.xml:41:13-44
60            android:enabled="@bool/enable_system_alarm_service_default"
60-->[androidx.work:work-runtime:2.5.0] AndroidManifest.xml:42:13-72
61            android:exported="false" />
61-->[androidx.work:work-runtime:2.5.0] AndroidManifest.xml:43:13-37
62        <service
62-->[androidx.work:work-runtime:2.5.0] AndroidManifest.xml:45:9-51:35
63            android:name="androidx.work.impl.background.systemjob.SystemJobService"
63-->[androidx.work:work-runtime:2.5.0] AndroidManifest.xml:46:13-84
64            android:directBootAware="false"
64-->[androidx.work:work-runtime:2.5.0] AndroidManifest.xml:47:13-44
65            android:enabled="@bool/enable_system_job_service_default"
65-->[androidx.work:work-runtime:2.5.0] AndroidManifest.xml:48:13-70
66            android:exported="true"
66-->[androidx.work:work-runtime:2.5.0] AndroidManifest.xml:49:13-36
67            android:permission="android.permission.BIND_JOB_SERVICE" />
67-->[androidx.work:work-runtime:2.5.0] AndroidManifest.xml:50:13-69
68        <service
68-->[androidx.work:work-runtime:2.5.0] AndroidManifest.xml:52:9-57:35
69            android:name="androidx.work.impl.foreground.SystemForegroundService"
69-->[androidx.work:work-runtime:2.5.0] AndroidManifest.xml:53:13-81
70            android:directBootAware="false"
70-->[androidx.work:work-runtime:2.5.0] AndroidManifest.xml:54:13-44
71            android:enabled="@bool/enable_system_foreground_service_default"
71-->[androidx.work:work-runtime:2.5.0] AndroidManifest.xml:55:13-77
72            android:exported="false" />
72-->[androidx.work:work-runtime:2.5.0] AndroidManifest.xml:56:13-37
73
74        <receiver
74-->[androidx.work:work-runtime:2.5.0] AndroidManifest.xml:59:9-64:35
75            android:name="androidx.work.impl.utils.ForceStopRunnable$BroadcastReceiver"
75-->[androidx.work:work-runtime:2.5.0] AndroidManifest.xml:60:13-88
76            android:directBootAware="false"
76-->[androidx.work:work-runtime:2.5.0] AndroidManifest.xml:61:13-44
77            android:enabled="true"
77-->[androidx.work:work-runtime:2.5.0] AndroidManifest.xml:62:13-35
78            android:exported="false" />
78-->[androidx.work:work-runtime:2.5.0] AndroidManifest.xml:63:13-37
79        <receiver
79-->[androidx.work:work-runtime:2.5.0] AndroidManifest.xml:65:9-75:20
80            android:name="androidx.work.impl.background.systemalarm.ConstraintProxy$BatteryChargingProxy"
80-->[androidx.work:work-runtime:2.5.0] AndroidManifest.xml:66:13-106
81            android:directBootAware="false"
81-->[androidx.work:work-runtime:2.5.0] AndroidManifest.xml:67:13-44
82            android:enabled="false"
82-->[androidx.work:work-runtime:2.5.0] AndroidManifest.xml:68:13-36
83            android:exported="false" >
83-->[androidx.work:work-runtime:2.5.0] AndroidManifest.xml:69:13-37
84            <intent-filter>
84-->[androidx.work:work-runtime:2.5.0] AndroidManifest.xml:71:13-74:29
85                <action android:name="android.intent.action.ACTION_POWER_CONNECTED" />
85-->[androidx.work:work-runtime:2.5.0] AndroidManifest.xml:72:17-87
85-->[androidx.work:work-runtime:2.5.0] AndroidManifest.xml:72:25-84
86                <action android:name="android.intent.action.ACTION_POWER_DISCONNECTED" />
86-->[androidx.work:work-runtime:2.5.0] AndroidManifest.xml:73:17-90
86-->[androidx.work:work-runtime:2.5.0] AndroidManifest.xml:73:25-87
87            </intent-filter>
88        </receiver>
89        <receiver
89-->[androidx.work:work-runtime:2.5.0] AndroidManifest.xml:76:9-86:20
90            android:name="androidx.work.impl.background.systemalarm.ConstraintProxy$BatteryNotLowProxy"
90-->[androidx.work:work-runtime:2.5.0] AndroidManifest.xml:77:13-104
91            android:directBootAware="false"
91-->[androidx.work:work-runtime:2.5.0] AndroidManifest.xml:78:13-44
92            android:enabled="false"
92-->[androidx.work:work-runtime:2.5.0] AndroidManifest.xml:79:13-36
93            android:exported="false" >
93-->[androidx.work:work-runtime:2.5.0] AndroidManifest.xml:80:13-37
94            <intent-filter>
94-->[androidx.work:work-runtime:2.5.0] AndroidManifest.xml:82:13-85:29
95                <action android:name="android.intent.action.BATTERY_OKAY" />
95-->[androidx.work:work-runtime:2.5.0] AndroidManifest.xml:83:17-77
95-->[androidx.work:work-runtime:2.5.0] AndroidManifest.xml:83:25-74
96                <action android:name="android.intent.action.BATTERY_LOW" />
96-->[androidx.work:work-runtime:2.5.0] AndroidManifest.xml:84:17-76
96-->[androidx.work:work-runtime:2.5.0] AndroidManifest.xml:84:25-73
97            </intent-filter>
98        </receiver>
99        <receiver
99-->[androidx.work:work-runtime:2.5.0] AndroidManifest.xml:87:9-97:20
100            android:name="androidx.work.impl.background.systemalarm.ConstraintProxy$StorageNotLowProxy"
100-->[androidx.work:work-runtime:2.5.0] AndroidManifest.xml:88:13-104
101            android:directBootAware="false"
101-->[androidx.work:work-runtime:2.5.0] AndroidManifest.xml:89:13-44
102            android:enabled="false"
102-->[androidx.work:work-runtime:2.5.0] AndroidManifest.xml:90:13-36
103            android:exported="false" >
103-->[androidx.work:work-runtime:2.5.0] AndroidManifest.xml:91:13-37
104            <intent-filter>
104-->[androidx.work:work-runtime:2.5.0] AndroidManifest.xml:93:13-96:29
105                <action android:name="android.intent.action.DEVICE_STORAGE_LOW" />
105-->[androidx.work:work-runtime:2.5.0] AndroidManifest.xml:94:17-83
105-->[androidx.work:work-runtime:2.5.0] AndroidManifest.xml:94:25-80
106                <action android:name="android.intent.action.DEVICE_STORAGE_OK" />
106-->[androidx.work:work-runtime:2.5.0] AndroidManifest.xml:95:17-82
106-->[androidx.work:work-runtime:2.5.0] AndroidManifest.xml:95:25-79
107            </intent-filter>
108        </receiver>
109        <receiver
109-->[androidx.work:work-runtime:2.5.0] AndroidManifest.xml:98:9-107:20
110            android:name="androidx.work.impl.background.systemalarm.ConstraintProxy$NetworkStateProxy"
110-->[androidx.work:work-runtime:2.5.0] AndroidManifest.xml:99:13-103
111            android:directBootAware="false"
111-->[androidx.work:work-runtime:2.5.0] AndroidManifest.xml:100:13-44
112            android:enabled="false"
112-->[androidx.work:work-runtime:2.5.0] AndroidManifest.xml:101:13-36
113            android:exported="false" >
113-->[androidx.work:work-runtime:2.5.0] AndroidManifest.xml:102:13-37
114            <intent-filter>
114-->[androidx.work:work-runtime:2.5.0] AndroidManifest.xml:104:13-106:29
115                <action android:name="android.net.conn.CONNECTIVITY_CHANGE" />
115-->[androidx.work:work-runtime:2.5.0] AndroidManifest.xml:105:17-79
115-->[androidx.work:work-runtime:2.5.0] AndroidManifest.xml:105:25-76
116            </intent-filter>
117        </receiver>
118        <receiver
118-->[androidx.work:work-runtime:2.5.0] AndroidManifest.xml:108:9-119:20
119            android:name="androidx.work.impl.background.systemalarm.RescheduleReceiver"
119-->[androidx.work:work-runtime:2.5.0] AndroidManifest.xml:109:13-88
120            android:directBootAware="false"
120-->[androidx.work:work-runtime:2.5.0] AndroidManifest.xml:110:13-44
121            android:enabled="false"
121-->[androidx.work:work-runtime:2.5.0] AndroidManifest.xml:111:13-36
122            android:exported="false" >
122-->[androidx.work:work-runtime:2.5.0] AndroidManifest.xml:112:13-37
123            <intent-filter>
123-->[androidx.work:work-runtime:2.5.0] AndroidManifest.xml:114:13-118:29
124                <action android:name="android.intent.action.BOOT_COMPLETED" />
124-->[androidx.work:work-runtime:2.5.0] AndroidManifest.xml:115:17-79
124-->[androidx.work:work-runtime:2.5.0] AndroidManifest.xml:115:25-76
125                <action android:name="android.intent.action.TIME_SET" />
125-->[androidx.work:work-runtime:2.5.0] AndroidManifest.xml:116:17-73
125-->[androidx.work:work-runtime:2.5.0] AndroidManifest.xml:116:25-70
126                <action android:name="android.intent.action.TIMEZONE_CHANGED" />
126-->[androidx.work:work-runtime:2.5.0] AndroidManifest.xml:117:17-81
126-->[androidx.work:work-runtime:2.5.0] AndroidManifest.xml:117:25-78
127            </intent-filter>
128        </receiver>
129        <receiver
129-->[androidx.work:work-runtime:2.5.0] AndroidManifest.xml:120:9-129:20
130            android:name="androidx.work.impl.background.systemalarm.ConstraintProxyUpdateReceiver"
130-->[androidx.work:work-runtime:2.5.0] AndroidManifest.xml:121:13-99
131            android:directBootAware="false"
131-->[androidx.work:work-runtime:2.5.0] AndroidManifest.xml:122:13-44
132            android:enabled="@bool/enable_system_alarm_service_default"
132-->[androidx.work:work-runtime:2.5.0] AndroidManifest.xml:123:13-72
133            android:exported="false" >
133-->[androidx.work:work-runtime:2.5.0] AndroidManifest.xml:124:13-37
134            <intent-filter>
134-->[androidx.work:work-runtime:2.5.0] AndroidManifest.xml:126:13-128:29
135                <action android:name="androidx.work.impl.background.systemalarm.UpdateProxies" />
135-->[androidx.work:work-runtime:2.5.0] AndroidManifest.xml:127:17-98
135-->[androidx.work:work-runtime:2.5.0] AndroidManifest.xml:127:25-95
136            </intent-filter>
137        </receiver>
138        <receiver
138-->[androidx.work:work-runtime:2.5.0] AndroidManifest.xml:130:9-140:20
139            android:name="androidx.work.impl.diagnostics.DiagnosticsReceiver"
139-->[androidx.work:work-runtime:2.5.0] AndroidManifest.xml:131:13-78
140            android:directBootAware="false"
140-->[androidx.work:work-runtime:2.5.0] AndroidManifest.xml:132:13-44
141            android:enabled="true"
141-->[androidx.work:work-runtime:2.5.0] AndroidManifest.xml:133:13-35
142            android:exported="true"
142-->[androidx.work:work-runtime:2.5.0] AndroidManifest.xml:134:13-36
143            android:permission="android.permission.DUMP" >
143-->[androidx.work:work-runtime:2.5.0] AndroidManifest.xml:135:13-57
144            <intent-filter>
144-->[androidx.work:work-runtime:2.5.0] AndroidManifest.xml:137:13-139:29
145                <action android:name="androidx.work.diagnostics.REQUEST_DIAGNOSTICS" />
145-->[androidx.work:work-runtime:2.5.0] AndroidManifest.xml:138:17-88
145-->[androidx.work:work-runtime:2.5.0] AndroidManifest.xml:138:25-85
146            </intent-filter>
147        </receiver>
148
149        <service
149-->[androidx.room:room-runtime:2.2.5] AndroidManifest.xml:25:9-28:40
150            android:name="androidx.room.MultiInstanceInvalidationService"
150-->[androidx.room:room-runtime:2.2.5] AndroidManifest.xml:26:13-74
151            android:directBootAware="true"
151-->[androidx.room:room-runtime:2.2.5] AndroidManifest.xml:27:13-43
152            android:exported="false" /> <!-- Needs to be explicitly declared on P+ -->
152-->[androidx.room:room-runtime:2.2.5] AndroidManifest.xml:28:13-37
153        <uses-library
153-->[com.google.android.gms:play-services-maps:17.0.0] AndroidManifest.xml:33:9-35:40
154            android:name="org.apache.http.legacy"
154-->[com.google.android.gms:play-services-maps:17.0.0] AndroidManifest.xml:34:13-50
155            android:required="false" />
155-->[com.google.android.gms:play-services-maps:17.0.0] AndroidManifest.xml:35:13-37
156
157        <activity
157-->[com.google.android.gms:play-services-base:17.0.0] AndroidManifest.xml:23:9-26:75
158            android:name="com.google.android.gms.common.api.GoogleApiActivity"
158-->[com.google.android.gms:play-services-base:17.0.0] AndroidManifest.xml:24:13-79
159            android:exported="false"
159-->[com.google.android.gms:play-services-base:17.0.0] AndroidManifest.xml:25:13-37
160            android:theme="@android:style/Theme.Translucent.NoTitleBar" />
160-->[com.google.android.gms:play-services-base:17.0.0] AndroidManifest.xml:26:13-72
161
162        <meta-data
162-->[com.google.android.gms:play-services-basement:17.0.0] AndroidManifest.xml:23:9-25:69
163            android:name="com.google.android.gms.version"
163-->[com.google.android.gms:play-services-basement:17.0.0] AndroidManifest.xml:24:13-58
164            android:value="@integer/google_play_services_version" />
164-->[com.google.android.gms:play-services-basement:17.0.0] AndroidManifest.xml:25:13-66
165    </application>
166
167</manifest>